<?xml version="1.0" encoding="UTF-8"?>
<!-- Generated by org.testng.reporters.JUnitXMLReporter -->
<testsuite hostname="LAPTOP-SMC8HIAI" ignored="0" name="Default test" tests="9" failures="0" timestamp="2022-02-18T09:54:56 IST" time="0.1" errors="0">
  <testcase name="h" time="0.015" classname="testNG1.NewId"/>
  <testcase name="b" time="0.0" classname="testNG1.NewId"/>
  <testcase name="c" time="0.0" classname="testNG1.NewId"/>
  <testcase name="x" time="0.014" classname="testNG1.NewId"/>
  <testcase name="j" time="0.0" classname="testNG1.NewId"/>
  <testcase name="q" time="0.0" classname="testNG1.NewId"/>
  <testcase name="w" time="0.0" classname="testNG1.NewId"/>
  <testcase name="g" time="0.0" classname="testNG1.NewId"/>
  <testcase name="p" time="0.0" classname="testNG1.NewId"/>
</testsuite> <!-- Default test -->
