<?xml version="1.0" encoding="UTF-8"?>
<!-- Generated by org.testng.reporters.JUnitXMLReporter -->
<testsuite hostname="LAPTOP-SMC8HIAI" ignored="1" name="Test(failed)" tests="1" failures="1" timestamp="2022-02-18T09:04:59 IST" time="0.047" errors="0">
  <testcase name="a" time="0.007" classname="testNG1.Demo">
    <failure type="java.lang.ArithmeticException" message="/ by zero">
      <![CDATA[java.lang.ArithmeticException: / by zero
at testNG1.Demo.a(Demo.java:17)
at java.util.ArrayList.forEach(ArrayList.java:1257)
... Removed 27 stack frames]]>
    </failure>
  </testcase> <!-- a -->
  <testcase name="f" time="0.0" classname="testNG1.Demo">
    <ignored/>
  </testcase> <!-- f -->
</testsuite> <!-- Test(failed) -->
